<?xml version="1.0" encoding="UTF-8"?>
<!-- Generated by org.testng.reporters.JUnitReportReporter -->
<testsuite hostname="DESKTOP-EC1QUI4" failures="0" tests="1" name="com.SauceDemo.TestClasses.TC11_VerifyOrderPage_BackToHomeButtonFunctionality" time="13.119" errors="0" timestamp="2022-10-10T10:39:32 IST" skipped="0">
  <testcase classname="com.SauceDemo.TestClasses.TC11_VerifyOrderPage_BackToHomeButtonFunctionality" name="VerifyOrderPage_BackToHomeButtonFunctionality" time="13.119"/>
  <system-out/>
</testsuite> <!-- com.SauceDemo.TestClasses.TC11_VerifyOrderPage_BackToHomeButtonFunctionality -->
