<?xml version="1.0" encoding="UTF-8"?>
<!-- Generated by org.testng.reporters.JUnitReportReporter -->
<testsuite hostname="DESKTOP-EC1QUI4" failures="0" tests="1" name="com.SauceDemo.TestClasses.TC10_VerifyBillingPage_FinishButtonFunctionality" time="11.390" errors="0" timestamp="2022-10-10T10:39:33 IST" skipped="0">
  <testcase classname="com.SauceDemo.TestClasses.TC10_VerifyBillingPage_FinishButtonFunctionality" name="VerifyBillingPage_FinishButtonFunctionality" time="11.390"/>
  <system-out/>
</testsuite> <!-- com.SauceDemo.TestClasses.TC10_VerifyBillingPage_FinishButtonFunctionality -->
