<?xml version="1.0" encoding="UTF-8"?>
<!-- Generated by org.testng.reporters.JUnitReportReporter -->
<testsuite hostname="DESKTOP-EC1QUI4" failures="0" tests="1" name="com.SauceDemo.TestClasses.TC_15VerifyAllproductAddToCartFunctionality" time="10.931" errors="0" timestamp="2022-10-09T21:54:32 IST" skipped="0">
  <testcase classname="com.SauceDemo.TestClasses.TC_15VerifyAllproductAddToCartFunctionality" name="VerifyAllproductAddToCartFunctionality" time="10.931"/>
  <system-out/>
</testsuite> <!-- com.SauceDemo.TestClasses.TC_15VerifyAllproductAddToCartFunctionality -->
