<?xml version="1.0" encoding="UTF-8"?>
<!-- Generated by org.testng.reporters.JUnitReportReporter -->
<testsuite hostname="DESKTOP-EC1QUI4" failures="0" tests="1" name="com.SauceDemo.TestClasses.TC05_VerifyCartPage_RemoveTabFunctionality" time="11.171" errors="0" timestamp="2022-10-10T10:39:32 IST" skipped="0">
  <testcase classname="com.SauceDemo.TestClasses.TC05_VerifyCartPage_RemoveTabFunctionality" name="VerifyCartPageRemoveTabFunctionality" time="11.171"/>
  <system-out/>
</testsuite> <!-- com.SauceDemo.TestClasses.TC05_VerifyCartPage_RemoveTabFunctionality -->
